CRITICAL - 2024-03-07 04:11:37 --> ErrorException: Undefined variable $res
in APPPATH\Models\Database_con.php on line 36.
 1 APPPATH\Models\Database_con.php(36): CodeIgniter\Debug\Exceptions->errorHandler(2, 'Undefined variable $res', 'C:\\xampp\\htdocs\\test\\app\\Models\\Database_con.php', 36)
 2 APPPATH\Controllers\Home.php(36): App\Models\Database_con->getValue()
 3 SYSTEMPATH\CodeIgniter.php(941): App\Controllers\Home->readValue()
 4 SYSTEMPATH\CodeIgniter.php(502): CodeIgniter\CodeIgniter->runController(Object(App\Controllers\Home))
 5 SYSTEMPATH\CodeIgniter.php(361): CodeIgniter\CodeIgniter->handleRequest(null, Object(Config\Cache), false)
 6 FCPATH\index.php(79): CodeIgniter\CodeIgniter->run()
CRITICAL - 2024-03-07 04:14:23 --> ErrorException: Undefined variable $res
in APPPATH\Models\Database_con.php on line 36.
 1 APPPATH\Models\Database_con.php(36): CodeIgniter\Debug\Exceptions->errorHandler(2, 'Undefined variable $res', 'C:\\xampp\\htdocs\\test\\app\\Models\\Database_con.php', 36)
 2 APPPATH\Controllers\Home.php(36): App\Models\Database_con->getValue()
 3 SYSTEMPATH\CodeIgniter.php(941): App\Controllers\Home->readValue()
 4 SYSTEMPATH\CodeIgniter.php(502): CodeIgniter\CodeIgniter->runController(Object(App\Controllers\Home))
 5 SYSTEMPATH\CodeIgniter.php(361): CodeIgniter\CodeIgniter->handleRequest(null, Object(Config\Cache), false)
 6 FCPATH\index.php(79): CodeIgniter\CodeIgniter->run()
CRITICAL - 2024-03-07 04:14:25 --> ErrorException: Undefined variable $res
in APPPATH\Models\Database_con.php on line 36.
 1 APPPATH\Models\Database_con.php(36): CodeIgniter\Debug\Exceptions->errorHandler(2, 'Undefined variable $res', 'C:\\xampp\\htdocs\\test\\app\\Models\\Database_con.php', 36)
 2 APPPATH\Controllers\Home.php(36): App\Models\Database_con->getValue()
 3 SYSTEMPATH\CodeIgniter.php(941): App\Controllers\Home->readValue()
 4 SYSTEMPATH\CodeIgniter.php(502): CodeIgniter\CodeIgniter->runController(Object(App\Controllers\Home))
 5 SYSTEMPATH\CodeIgniter.php(361): CodeIgniter\CodeIgniter->handleRequest(null, Object(Config\Cache), false)
 6 FCPATH\index.php(79): CodeIgniter\CodeIgniter->run()
CRITICAL - 2024-03-07 04:15:04 --> ErrorException: Undefined variable $res
in APPPATH\Models\Database_con.php on line 36.
 1 APPPATH\Models\Database_con.php(36): CodeIgniter\Debug\Exceptions->errorHandler(2, 'Undefined variable $res', 'C:\\xampp\\htdocs\\test\\app\\Models\\Database_con.php', 36)
 2 APPPATH\Controllers\Home.php(36): App\Models\Database_con->getValue()
 3 SYSTEMPATH\CodeIgniter.php(941): App\Controllers\Home->readValue()
 4 SYSTEMPATH\CodeIgniter.php(502): CodeIgniter\CodeIgniter->runController(Object(App\Controllers\Home))
 5 SYSTEMPATH\CodeIgniter.php(361): CodeIgniter\CodeIgniter->handleRequest(null, Object(Config\Cache), false)
 6 FCPATH\index.php(79): CodeIgniter\CodeIgniter->run()
CRITICAL - 2024-03-07 04:15:09 --> ErrorException: Undefined variable $res
in APPPATH\Models\Database_con.php on line 36.
 1 APPPATH\Models\Database_con.php(36): CodeIgniter\Debug\Exceptions->errorHandler(2, 'Undefined variable $res', 'C:\\xampp\\htdocs\\test\\app\\Models\\Database_con.php', 36)
 2 APPPATH\Controllers\Home.php(36): App\Models\Database_con->getValue()
 3 SYSTEMPATH\CodeIgniter.php(941): App\Controllers\Home->readValue()
 4 SYSTEMPATH\CodeIgniter.php(502): CodeIgniter\CodeIgniter->runController(Object(App\Controllers\Home))
 5 SYSTEMPATH\CodeIgniter.php(361): CodeIgniter\CodeIgniter->handleRequest(null, Object(Config\Cache), false)
 6 FCPATH\index.php(79): CodeIgniter\CodeIgniter->run()
CRITICAL - 2024-03-07 04:17:24 --> ErrorException: Undefined variable $data
in APPPATH\Controllers\Home.php on line 37.
 1 APPPATH\Controllers\Home.php(37): CodeIgniter\Debug\Exceptions->errorHandler(2, 'Undefined variable $data', 'C:\\xampp\\htdocs\\test\\app\\Controllers\\Home.php', 37)
 2 SYSTEMPATH\CodeIgniter.php(941): App\Controllers\Home->readValue()
 3 SYSTEMPATH\CodeIgniter.php(502): CodeIgniter\CodeIgniter->runController(Object(App\Controllers\Home))
 4 SYSTEMPATH\CodeIgniter.php(361): CodeIgniter\CodeIgniter->handleRequest(null, Object(Config\Cache), false)
 5 FCPATH\index.php(79): CodeIgniter\CodeIgniter->run()
CRITICAL - 2024-03-07 04:58:11 --> ErrorException: Undefined variable $default
in APPPATH\Models\Database_con.php on line 30.
 1 APPPATH\Models\Database_con.php(30): CodeIgniter\Debug\Exceptions->errorHandler(2, 'Undefined variable $default', 'C:\\xampp\\htdocs\\test\\app\\Models\\Database_con.php', 30)
 2 APPPATH\Controllers\Home.php(37): App\Models\Database_con->getValues()
 3 SYSTEMPATH\CodeIgniter.php(941): App\Controllers\Home->readValue()
 4 SYSTEMPATH\CodeIgniter.php(502): CodeIgniter\CodeIgniter->runController(Object(App\Controllers\Home))
 5 SYSTEMPATH\CodeIgniter.php(361): CodeIgniter\CodeIgniter->handleRequest(null, Object(Config\Cache), false)
 6 FCPATH\index.php(79): CodeIgniter\CodeIgniter->run()
CRITICAL - 2024-03-07 04:58:36 --> ErrorException: Undefined variable $default
in APPPATH\Models\Database_con.php on line 30.
 1 APPPATH\Models\Database_con.php(30): CodeIgniter\Debug\Exceptions->errorHandler(2, 'Undefined variable $default', 'C:\\xampp\\htdocs\\test\\app\\Models\\Database_con.php', 30)
 2 APPPATH\Controllers\Home.php(37): App\Models\Database_con->getValues()
 3 SYSTEMPATH\CodeIgniter.php(941): App\Controllers\Home->readValue()
 4 SYSTEMPATH\CodeIgniter.php(502): CodeIgniter\CodeIgniter->runController(Object(App\Controllers\Home))
 5 SYSTEMPATH\CodeIgniter.php(361): CodeIgniter\CodeIgniter->handleRequest(null, Object(Config\Cache), false)
 6 FCPATH\index.php(79): CodeIgniter\CodeIgniter->run()
ERROR - 2024-03-07 04:58:51 --> Error connecting to the database: mysqli_sql_exception: Unknown database 'full_statck_dev' in C:\xampp\htdocs\test\system\Database\MySQLi\Connection.php:184
Stack trace:
#0 C:\xampp\htdocs\test\system\Database\MySQLi\Connection.php(184): mysqli->real_connect('localhost', 'root', Object(SensitiveParameterValue), 'full_statck_dev', 3306, '', 0)
#1 C:\xampp\htdocs\test\system\Database\BaseConnection.php(392): CodeIgniter\Database\MySQLi\Connection->connect(false)
#2 C:\xampp\htdocs\test\system\Database\BaseConnection.php(575): CodeIgniter\Database\BaseConnection->initialize()
#3 C:\xampp\htdocs\test\app\Models\Database_con.php(33): CodeIgniter\Database\BaseConnection->query('SELECT * FROM `...')
#4 C:\xampp\htdocs\test\app\Controllers\Home.php(37): App\Models\Database_con->getValues()
#5 C:\xampp\htdocs\test\system\CodeIgniter.php(941): App\Controllers\Home->readValue()
#6 C:\xampp\htdocs\test\system\CodeIgniter.php(502): CodeIgniter\CodeIgniter->runController(Object(App\Controllers\Home))
#7 C:\xampp\htdocs\test\system\CodeIgniter.php(361): CodeIgniter\CodeIgniter->handleRequest(NULL, Object(Config\Cache), false)
#8 C:\xampp\htdocs\test\index.php(79): CodeIgniter\CodeIgniter->run()
#9 {main}

Next CodeIgniter\Database\Exceptions\DatabaseException: Unknown database 'full_statck_dev' in C:\xampp\htdocs\test\system\Database\MySQLi\Connection.php:229
Stack trace:
#0 C:\xampp\htdocs\test\system\Database\BaseConnection.php(392): CodeIgniter\Database\MySQLi\Connection->connect(false)
#1 C:\xampp\htdocs\test\system\Database\BaseConnection.php(575): CodeIgniter\Database\BaseConnection->initialize()
#2 C:\xampp\htdocs\test\app\Models\Database_con.php(33): CodeIgniter\Database\BaseConnection->query('SELECT * FROM `...')
#3 C:\xampp\htdocs\test\app\Controllers\Home.php(37): App\Models\Database_con->getValues()
#4 C:\xampp\htdocs\test\system\CodeIgniter.php(941): App\Controllers\Home->readValue()
#5 C:\xampp\htdocs\test\system\CodeIgniter.php(502): CodeIgniter\CodeIgniter->runController(Object(App\Controllers\Home))
#6 C:\xampp\htdocs\test\system\CodeIgniter.php(361): CodeIgniter\CodeIgniter->handleRequest(NULL, Object(Config\Cache), false)
#7 C:\xampp\htdocs\test\index.php(79): CodeIgniter\CodeIgniter->run()
#8 {main}
CRITICAL - 2024-03-07 04:58:51 --> CodeIgniter\Database\Exceptions\DatabaseException: Unable to connect to the database.
Main connection [MySQLi]: Unknown database 'full_statck_dev'
in SYSTEMPATH\Database\BaseConnection.php on line 428.
 1 SYSTEMPATH\Database\BaseConnection.php(575): CodeIgniter\Database\BaseConnection->initialize()
 2 APPPATH\Models\Database_con.php(33): CodeIgniter\Database\BaseConnection->query('SELECT * FROM `student_details`')
 3 APPPATH\Controllers\Home.php(37): App\Models\Database_con->getValues()
 4 SYSTEMPATH\CodeIgniter.php(941): App\Controllers\Home->readValue()
 5 SYSTEMPATH\CodeIgniter.php(502): CodeIgniter\CodeIgniter->runController(Object(App\Controllers\Home))
 6 SYSTEMPATH\CodeIgniter.php(361): CodeIgniter\CodeIgniter->handleRequest(null, Object(Config\Cache), false)
 7 FCPATH\index.php(79): CodeIgniter\CodeIgniter->run()
ERROR - 2024-03-07 05:33:10 --> Error connecting to the database: mysqli_sql_exception: Unknown database 'full_statck_dev' in C:\xampp\htdocs\test\system\Database\MySQLi\Connection.php:184
Stack trace:
#0 C:\xampp\htdocs\test\system\Database\MySQLi\Connection.php(184): mysqli->real_connect('localhost', 'root', Object(SensitiveParameterValue), 'full_statck_dev', 3306, '', 0)
#1 C:\xampp\htdocs\test\system\Database\BaseConnection.php(392): CodeIgniter\Database\MySQLi\Connection->connect(false)
#2 C:\xampp\htdocs\test\system\Database\BaseConnection.php(575): CodeIgniter\Database\BaseConnection->initialize()
#3 C:\xampp\htdocs\test\app\Models\Database_con.php(33): CodeIgniter\Database\BaseConnection->query('SELECT * FROM `...')
#4 C:\xampp\htdocs\test\app\Controllers\Home.php(38): App\Models\Database_con->getValues()
#5 C:\xampp\htdocs\test\system\CodeIgniter.php(941): App\Controllers\Home->readValue()
#6 C:\xampp\htdocs\test\system\CodeIgniter.php(502): CodeIgniter\CodeIgniter->runController(Object(App\Controllers\Home))
#7 C:\xampp\htdocs\test\system\CodeIgniter.php(361): CodeIgniter\CodeIgniter->handleRequest(NULL, Object(Config\Cache), false)
#8 C:\xampp\htdocs\test\index.php(79): CodeIgniter\CodeIgniter->run()
#9 {main}

Next CodeIgniter\Database\Exceptions\DatabaseException: Unknown database 'full_statck_dev' in C:\xampp\htdocs\test\system\Database\MySQLi\Connection.php:229
Stack trace:
#0 C:\xampp\htdocs\test\system\Database\BaseConnection.php(392): CodeIgniter\Database\MySQLi\Connection->connect(false)
#1 C:\xampp\htdocs\test\system\Database\BaseConnection.php(575): CodeIgniter\Database\BaseConnection->initialize()
#2 C:\xampp\htdocs\test\app\Models\Database_con.php(33): CodeIgniter\Database\BaseConnection->query('SELECT * FROM `...')
#3 C:\xampp\htdocs\test\app\Controllers\Home.php(38): App\Models\Database_con->getValues()
#4 C:\xampp\htdocs\test\system\CodeIgniter.php(941): App\Controllers\Home->readValue()
#5 C:\xampp\htdocs\test\system\CodeIgniter.php(502): CodeIgniter\CodeIgniter->runController(Object(App\Controllers\Home))
#6 C:\xampp\htdocs\test\system\CodeIgniter.php(361): CodeIgniter\CodeIgniter->handleRequest(NULL, Object(Config\Cache), false)
#7 C:\xampp\htdocs\test\index.php(79): CodeIgniter\CodeIgniter->run()
#8 {main}
CRITICAL - 2024-03-07 05:33:10 --> CodeIgniter\Database\Exceptions\DatabaseException: Unable to connect to the database.
Main connection [MySQLi]: Unknown database 'full_statck_dev'
in SYSTEMPATH\Database\BaseConnection.php on line 428.
 1 SYSTEMPATH\Database\BaseConnection.php(575): CodeIgniter\Database\BaseConnection->initialize()
 2 APPPATH\Models\Database_con.php(33): CodeIgniter\Database\BaseConnection->query('SELECT * FROM `student_details`')
 3 APPPATH\Controllers\Home.php(38): App\Models\Database_con->getValues()
 4 SYSTEMPATH\CodeIgniter.php(941): App\Controllers\Home->readValue()
 5 SYSTEMPATH\CodeIgniter.php(502): CodeIgniter\CodeIgniter->runController(Object(App\Controllers\Home))
 6 SYSTEMPATH\CodeIgniter.php(361): CodeIgniter\CodeIgniter->handleRequest(null, Object(Config\Cache), false)
 7 FCPATH\index.php(79): CodeIgniter\CodeIgniter->run()
CRITICAL - 2024-03-07 05:38:12 --> Error: Call to a member function getResultArray() on bool
in APPPATH\Models\Database_con.php on line 45.
 1 APPPATH\Controllers\Home.php(53): App\Models\Database_con->deleteValues()
 2 SYSTEMPATH\CodeIgniter.php(941): App\Controllers\Home->deleteValue()
 3 SYSTEMPATH\CodeIgniter.php(502): CodeIgniter\CodeIgniter->runController(Object(App\Controllers\Home))
 4 SYSTEMPATH\CodeIgniter.php(361): CodeIgniter\CodeIgniter->handleRequest(null, Object(Config\Cache), false)
 5 FCPATH\index.php(79): CodeIgniter\CodeIgniter->run()
